2021-04-25 10:41:29.9279|Info|Refinitiv.Data.Log|1|Changed min log level from: <default> to Debug for rule:
	logNamePattern: (:All) levels: [ Info Warn Error Fatal ] appendTo: [  ]
2021-04-25 10:41:29.9803|Info|Refinitiv.Data.Log|1|Registering log system
2021-04-25 10:41:30.1468|Info|Refinitiv.Data.Delivery.Stream.RDPWebSocket|1|Created IWebSocket Interface: Microsoft's ClientWebSocket
2021-04-25 10:41:30.1554|Info|Refinitiv.Data.Delivery.Stream.OMMConnection|1|Streaming Connection initiated using:
	Host: ewa:15000
	UserName: U8007876
	Position: 10.31.120.98
	ApplicationID: 256
2021-04-25 10:41:30.4117|Info|Refinitiv.Data.Delivery.Stream.OMMConnection|9|Successfully connected into the WebSocket server: ewa:15000. Connection HashCode: 17113003
2021-04-25 10:41:30.4727|Info|Refinitiv.Data.Delivery.Stream.OMMConnection|9|Sending login request to ewa:15000
2021-04-25 10:41:30.4727|Debug|Refinitiv.Data.Delivery.Stream.OMMConnection|9|Stream request "SendMessageAsync": "{
  "ID": 1,
  "Domain": "Login",
  "Key": {
    "Elements": {
      "ApplicationId": "256",
      "Position": "10.31.120.98"
    },
    "Name": "U8007876"
  }
}"
2021-04-25 10:41:30.5923|Info|Refinitiv.Data.Delivery.Stream.OMMConnection|5|Successfully logged into streaming server ewa:15000
2021-04-25 10:41:30.5923|Debug|Refinitiv.Data.Core.PlatformSessionCore|5|PlatformSession (Deployed) State is Opened
2021-04-25 10:41:30.6069|Debug|Refinitiv.Data.Delivery.Stream.OMMItemStream|1|Request to Open 1 item(s).  Current state: Closed.  Stream HashCode: 13869071
2021-04-25 10:41:30.6069|Debug|Refinitiv.Data.Delivery.Stream.OMMConnection|1|Stream request "SendMessageAsync": "{
  "ID": 2,
  "Streaming": true,
  "Key": {
    "Name": "EUR="
  },
  "View": [
    "DSPLY_NAME",
    "BID",
    "ASK"
  ]
}"
2021-04-25 10:41:30.6229|Debug|Refinitiv.Data.Delivery.Stream.OMMItemStream|1|Request to Open 1 item(s).  Current state: Closed.  Stream HashCode: 44223604
2021-04-25 10:41:30.6229|Debug|Refinitiv.Data.Delivery.Stream.OMMConnection|1|Stream request "SendMessageAsync": "{
  "ID": 3,
  "Streaming": true,
  "Key": {
    "Name": "GBP="
  },
  "View": [
    "DSPLY_NAME",
    "BID",
    "ASK"
  ]
}"
2021-04-25 10:41:30.6229|Debug|Refinitiv.Data.Delivery.Stream.OMMItemStream|1|Request to Open 1 item(s).  Current state: Closed.  Stream HashCode: 25342185
2021-04-25 10:41:30.6229|Debug|Refinitiv.Data.Delivery.Stream.OMMConnection|1|Stream request "SendMessageAsync": "{
  "ID": 4,
  "Streaming": true,
  "Key": {
    "Name": "CAD="
  },
  "View": [
    "DSPLY_NAME",
    "BID",
    "ASK"
  ]
}"
2021-04-25 10:41:31.0833|Debug|Refinitiv.Data.Delivery.Stream.OMMItemStream|7|Request to Open item "EUR=" Completed.  Current state: Opened.
2021-04-25 10:41:31.0833|Debug|Refinitiv.Data.Delivery.Stream.OMMItemStream|7|Request to Open item "CAD=" Completed.  Current state: Opened.
2021-04-25 10:41:31.0833|Debug|Refinitiv.Data.Delivery.Stream.OMMItemStream|7|Request to Open item "GBP=" Completed.  Current state: Opened.
2021-04-25 10:41:31.0833|Debug|Refinitiv.Data.Delivery.Stream.OMMItemStream|6|Request to Open 1 item(s) Completed.  Current state: Opened.  Stream HashCode: 25342185
2021-04-25 10:41:31.0833|Debug|Refinitiv.Data.Delivery.Stream.OMMItemStream|5|Request to Open 1 item(s) Completed.  Current state: Opened.  Stream HashCode: 13869071
2021-04-25 10:41:31.0833|Debug|Refinitiv.Data.Delivery.Stream.OMMItemStream|4|Request to Open 1 item(s) Completed.  Current state: Opened.  Stream HashCode: 44223604
2021-04-25 10:41:37.0650|Debug|Refinitiv.Data.Core.PlatformSessionCore|1|Disposing PlatformSession (Deployed)
2021-04-25 10:41:37.0650|Debug|Refinitiv.Data.Delivery.Stream.OMMConnection|1|Disposing StreamConnection: Connection HashCode: 17113003
2021-04-25 10:41:37.0650|Debug|Refinitiv.Data.Delivery.Stream.OMMConnection|1|Closing WebSocket connection
2021-04-25 10:41:37.0650|Debug|Refinitiv.Data.Delivery.Stream.OMMConnection|1|Stream request "SendMessageAsync": "{
  "ID": 1,
  "Domain": "Login",
  "Type": "Close"
}"
2021-04-25 10:41:37.1608|Warn|Refinitiv.Data.Delivery.Stream.OMMConnection|9|Microsoft's ClientWebSocket connection terminated. Code: ConnectionClosedPrematurely. Reason: [The remote party closed the WebSocket connection without completing the close handshake.]
2021-04-25 10:41:37.1608|Warn|Refinitiv.Data.Core.PlatformSessionCore|9|Failed to establish RRO stream. "Connection to the WebSocket server [ewa:15000] down. Microsoft's ClientWebSocket connection terminated. Code: ConnectionClosedPrematurely. Reason: [The remote party closed the WebSocket connection without completing the close handshake.]"
2021-04-25 10:41:37.1608|Info|Refinitiv.Data.Core.PlatformSessionCore|1|Platform PlatformSession (Deployed) is Closed
2021-04-25 10:41:37.1608|Info|Refinitiv.Data.Delivery.Stream.OMMConnection|5|StartMessageProcessing stopped.
2021-04-25 10:41:37.1608|Info|Refinitiv.Data.Delivery.Stream.OMMConnection|6|StartAdminProcessing stopped.
