2021-04-22 12:13:02.5235|Info|Refinitiv.Data.Log|1|Registering log system
2021-04-22 12:13:04.1632|Info|Refinitiv.Data.Core.PlatformSessionCore|7|PlatformSession (Cloud) successfully authenticated
2021-04-22 12:13:04.9827|Info|Refinitiv.Data.Core.PlatformSessionCore|7|Successfully retrieved 9 streaming endpoints from the service discovery.
2021-04-22 12:13:07.3811|Warn|Refinitiv.Data.Core.PlatformSessionCore|7|HTTP request through the PlatformSession (Cloud) failed: {
	IsSuccess: False
	HttpStatus: {
  "HTTPStatusCode": 400,
  "HTTPReason": "Bad Request",
  "Contents": {
    "error": {
      "status": "400",
      "message": "Invalid select: unknown parameter 'RatingType)'",
      "id": "32abd235-b7f2-4103-82c5-427bf3060ca6"
    }
  }
}
	HttpHeaders: [
  {
    "Key": "Date",
    "Value": [
      "Thu, 22 Apr 2021 16:13:07 GMT"
    ]
  },
  {
    "Key": "Connection",
    "Value": [
      "keep-alive"
    ]
  },
  {
    "Key": "Access-Control-Allow-Origin",
    "Value": [
      "*"
    ]
  },
  {
    "Key": "Access-Control-Expose-Headers",
    "Value": [
      "content-encoding, content-length, retry-after, x-tr-requestid, x-tr-correlationid"
    ]
  },
  {
    "Key": "X-Amzn-Trace-Id",
    "Value": [
      "Root=1-6081a093-444d2b1d50708cf87b1584bd"
    ]
  },
  {
    "Key": "X-Served-By",
    "Value": [
      "region=us-east-1; cid=bbeb6d963272485db7bb024648e16d97"
    ]
  },
  {
    "Key": "X-Tr-Requestid",
    "Value": [
      "32abd235-b7f2-4103-82c5-427bf3060ca6"
    ]
  }
]
	Data: 
}

